<?xml version="1.0" encoding="UTF-8"?>
<testng-results skipped="0" failed="0" ignored="0" total="2" passed="2">
  <reporter-output>
  </reporter-output>
  <suite name="Suite" duration-ms="11279" started-at="2020-03-01T14:43:54 IST" finished-at="2020-03-01T14:44:05 IST">
    <groups>
    </groups>
    <test name="Test" duration-ms="11279" started-at="2020-03-01T14:43:54 IST" finished-at="2020-03-01T14:44:05 IST">
      <class name="smokeTest.OrangeHRMTest">
        <test-method status="PASS" signature="loginTest()[pri:0, instance:smokeTest.OrangeHRMTest@26ba2a48]" name="loginTest" duration-ms="6155" started-at="2020-03-01T14:43:59 IST" finished-at="2020-03-01T14:44:05 IST">
          <reporter-output>
          </reporter-output>
        </test-method> <!-- loginTest -->
      </class> <!-- smokeTest.OrangeHRMTest -->
      <class name="smokeTest.GoogleTest">
        <test-method status="PASS" signature="loginTest()[pri:0, instance:smokeTest.GoogleTest@42d3bd8b]" name="loginTest" duration-ms="5089" started-at="2020-03-01T14:43:54 IST" finished-at="2020-03-01T14:43:59 IST">
          <reporter-output>
          </reporter-output>
        </test-method> <!-- loginTest -->
      </class> <!-- smokeTest.GoogleTest -->
    </test> <!-- Test -->
  </suite> <!-- Suite -->
</testng-results>
