<?xml version="1.0" encoding="UTF-8"?>
<testng-results skipped="0" failed="0" ignored="0" total="1" passed="1">
  <reporter-output>
  </reporter-output>
  <suite name="Suite" duration-ms="11053" started-at="2020-03-01T13:54:37 IST" finished-at="2020-03-01T13:54:48 IST">
    <groups>
    </groups>
    <test name="GoogleTest" duration-ms="11053" started-at="2020-03-01T13:54:37 IST" finished-at="2020-03-01T13:54:48 IST">
      <class name="smokeTest.GoogleTest">
        <test-method status="PASS" signature="loginTest()[pri:0, instance:smokeTest.GoogleTest@dfd3711]" name="loginTest" duration-ms="11019" started-at="2020-03-01T13:54:37 IST" finished-at="2020-03-01T13:54:48 IST">
          <reporter-output>
          </reporter-output>
        </test-method> <!-- loginTest -->
      </class> <!-- smokeTest.GoogleTest -->
    </test> <!-- GoogleTest -->
  </suite> <!-- Suite -->
</testng-results>
